<?xml version="1.0" encoding="UTF-8"?>
<!-- Generated by org.testng.reporters.JUnitReportReporter -->
<testsuite hostname="DESKTOP-5A7KV0R" failures="0" tests="1" name="DashboardTest" time="0.010" errors="0" timestamp="2024-05-31T15:54:22 AEST" skipped="0">
  <testcase classname="DashboardTest" name="sampleTest" time="0.010"/>
</testsuite> <!-- DashboardTest -->
