<?xml version="1.0" encoding="UTF-8"?>
<!-- Generated by org.testng.reporters.JUnitReportReporter -->
<testsuite hostname="DESKTOP-5A7KV0R" failures="0" tests="3" name="airhealth.tests.DashboardTest" time="4.389" errors="0" timestamp="2024-07-02T12:59:12 AEST" skipped="2">
  <testcase classname="airhealth.tests.DashboardTest" name="viewForecastDataTest" time="4.389"/>
  <testcase classname="airhealth.tests.DashboardTest" name="locationSelectTest">
    <skipped/>
  </testcase> <!-- locationSelectTest -->
  <testcase classname="airhealth.tests.DashboardTest" name="viewAllergenDataTest">
    <skipped/>
  </testcase> <!-- viewAllergenDataTest -->
</testsuite> <!-- airhealth.tests.DashboardTest -->
