<?xml version="1.0" encoding="UTF-8"?>
<!-- Generated by org.testng.reporters.JUnitReportReporter -->
<testsuite hostname="DESKTOP-5A7KV0R" failures="0" tests="1" name="com.airhealth.tests.DashboardTest" time="8.312" errors="0" timestamp="2024-06-13T16:12:13 AEST" skipped="0">
  <testcase classname="com.airhealth.tests.DashboardTest" name="locationSelectTest" time="8.312"/>
</testsuite> <!-- com.airhealth.tests.DashboardTest -->
