<?xml version="1.0" encoding="UTF-8"?>
<!-- Generated by org.testng.reporters.JUnitReportReporter -->
<testsuite hostname="DESKTOP-5A7KV0R" failures="0" tests="5" name="airhealth.tests.OnboardingTest" time="32.238" errors="0" timestamp="2024-07-01T16:21:24 AEST" skipped="0">
  <testcase classname="airhealth.tests.OnboardingTest" name="viewTermsAndConditionsTest" time="5.650"/>
  <testcase classname="airhealth.tests.OnboardingTest" name="viewGPSAllowTest" time="5.678"/>
  <testcase classname="airhealth.tests.OnboardingTest" name="viewEnterPasswordTest" time="5.690"/>
  <testcase classname="airhealth.tests.OnboardingTest" name="viewAllowNotificationsTest" time="9.755"/>
  <testcase classname="airhealth.tests.OnboardingTest" name="viewDashboardTest" time="5.465"/>
</testsuite> <!-- airhealth.tests.OnboardingTest -->
